# JRE version: OpenJDK Runtime Environment (8.0_112-b06) (build 1.8.0_112-release-b06)
# Java VM: OpenJDK 64-Bit Server VM (25.112-b06 mixed mode windows-amd64 compressed oops)
Heap:
 PSYoungGen      total 349696K, used 47068K [0x00000000e0000000, 0x0000000100000000, 0x0000000100000000)
  eden space 175104K, 4% used [0x00000000e0000000,0x00000000e07f1f90,0x00000000eab00000)
  from space 174592K, 22% used [0x00000000eab00000,0x00000000ed105140,0x00000000f5580000)
  to   space 174592K, 0% used [0x00000000f5580000,0x00000000f5580000,0x0000000100000000)
 ParOldGen       total 1048576K, used 700063K [0x00000000a0000000, 0x00000000e0000000, 0x00000000e0000000)
  object space 1048576K, 66% used [0x00000000a0000000,0x00000000caba7e40,0x00000000e0000000)
 Metaspace       used 108153K, capacity 115122K, committed 125056K, reserved 1159168K
  class space    used 12798K, capacity 13503K, committed 15232K, reserved 1048576K
GC Heap History (10 events):
Event: 30975.282 GC heap before
{Heap before GC invocations=2364 (full 531):
 PSYoungGen      total 349696K, used 167766K [0x00000000e0000000, 0x0000000100000000, 0x0000000100000000)
  eden space 175104K, 95% used [0x00000000e0000000,0x00000000ea3d5b30,0x00000000eab00000)
  from space 174592K, 0% used [0x00000000f5580000,0x00000000f5580000,0x0000000100000000)
  to   space 174592K, 0% used [0x00000000eab00000,0x00000000eab00000,0x00000000f5580000)
 ParOldGen       total 1048576K, used 667783K [0x00000000a0000000, 0x00000000e0000000, 0x00000000e0000000)
  object space 1048576K, 63% used [0x00000000a0000000,0x00000000c8c21fb8,0x00000000e0000000)
 Metaspace       used 106865K, capacity 113578K, committed 124928K, reserved 1159168K
  class space    used 12643K, capacity 13306K, committed 15104K, reserved 1048576K
Event: 30975.305 GC heap after
Heap after GC invocations=2364 (full 531):
 PSYoungGen      total 349696K, used 22421K [0x00000000e0000000, 0x0000000100000000, 0x0000000100000000)
  eden space 175104K, 0% used [0x00000000e0000000,0x00000000e0000000,0x00000000eab00000)
  from space 174592K, 12% used [0x00000000eab00000,0x00000000ec0e56a8,0x00000000f5580000)
  to   space 174592K, 0% used [0x00000000f5580000,0x00000000f5580000,0x0000000100000000)
 ParOldGen       total 1048576K, used 667783K [0x00000000a0000000, 0x00000000e0000000, 0x00000000e0000000)
  object space 1048576K, 63% used [0x00000000a0000000,0x00000000c8c21fb8,0x00000000e0000000)
 Metaspace       used 106865K, capacity 113578K, committed 124928K, reserved 1159168K
  class space    used 12643K, capacity 13306K, committed 15104K, reserved 1048576K
}
Event: 30976.388 GC heap before
{Heap before GC invocations=2365 (full 531):
 PSYoungGen      total 349696K, used 193942K [0x00000000e0000000, 0x0000000100000000, 0x0000000100000000)
  eden space 175104K, 97% used [0x00000000e0000000,0x00000000ea780310,0x00000000eab00000)
  from space 174592K, 12% used [0x00000000eab00000,0x00000000ec0e56a8,0x00000000f5580000)
  to   space 174592K, 0% used [0x00000000f5580000,0x00000000f5580000,0x0000000100000000)
 ParOldGen       total 1048576K, used 667783K [0x00000000a0000000, 0x00000000e0000000, 0x00000000e0000000)
  object space 1048576K, 63% used [0x00000000a0000000,0x00000000c8c21fb8,0x00000000e0000000)
 Metaspace       used 106865K, capacity 113578K, committed 124928K, reserved 1159168K
  class space    used 12643K, capacity 13306K, committed 15104K, reserved 1048576K
Event: 30976.415 GC heap after
Heap after GC invocations=2365 (full 531):
 PSYoungGen      total 349696K, used 9040K [0x00000000e0000000, 0x0000000100000000, 0x0000000100000000)
  eden space 175104K, 0% used [0x00000000e0000000,0x00000000e0000000,0x00000000eab00000)
  from space 174592K, 5% used [0x00000000f5580000,0x00000000f5e54010,0x0000000100000000)
  to   space 174592K, 0% used [0x00000000eab00000,0x00000000eab00000,0x00000000f5580000)
 ParOldGen       total 1048576K, used 681381K [0x00000000a0000000, 0x00000000e0000000, 0x00000000e0000000)
  object space 1048576K, 64% used [0x00000000a0000000,0x00000000c99696f8,0x00000000e0000000)
 Metaspace       used 106865K, capacity 113578K, committed 124928K, reserved 1159168K
  class space    used 12643K, capacity 13306K, committed 15104K, reserved 1048576K
}
Event: 31374.196 GC heap before
{Heap before GC invocations=2366 (full 531):
 PSYoungGen      total 349696K, used 184144K [0x00000000e0000000, 0x0000000100000000, 0x0000000100000000)
  eden space 175104K, 100% used [0x00000000e0000000,0x00000000eab00000,0x00000000eab00000)
  from space 174592K, 5% used [0x00000000f5580000,0x00000000f5e54010,0x0000000100000000)
  to   space 174592K, 0% used [0x00000000eab00000,0x00000000eab00000,0x00000000f5580000)
 ParOldGen       total 1048576K, used 681381K [0x00000000a0000000, 0x00000000e0000000, 0x00000000e0000000)
  object space 1048576K, 64% used [0x00000000a0000000,0x00000000c99696f8,0x00000000e0000000)
 Metaspace       used 106911K, capacity 113650K, committed 124928K, reserved 1159168K
  class space    used 12649K, capacity 13318K, committed 15104K, reserved 1048576K
Event: 31374.217 GC heap after
Heap after GC invocations=2366 (full 531):
 PSYoungGen      total 349696K, used 9906K [0x00000000e0000000, 0x0000000100000000, 0x0000000100000000)
  eden space 175104K, 0% used [0x00000000e0000000,0x00000000e0000000,0x00000000eab00000)
  from space 174592K, 5% used [0x00000000eab00000,0x00000000eb4acac8,0x00000000f5580000)
  to   space 174592K, 0% used [0x00000000f5580000,0x00000000f5580000,0x0000000100000000)
 ParOldGen       total 1048576K, used 681389K [0x00000000a0000000, 0x00000000e0000000, 0x00000000e0000000)
  object space 1048576K, 64% used [0x00000000a0000000,0x00000000c996b6f8,0x00000000e0000000)
 Metaspace       used 106911K, capacity 113650K, committed 124928K, reserved 1159168K
  class space    used 12649K, capacity 13318K, committed 15104K, reserved 1048576K
}
Event: 31401.091 GC heap before
{Heap before GC invocations=2367 (full 531):
 PSYoungGen      total 349696K, used 185010K [0x00000000e0000000, 0x0000000100000000, 0x0000000100000000)
  eden space 175104K, 100% used [0x00000000e0000000,0x00000000eab00000,0x00000000eab00000)
  from space 174592K, 5% used [0x00000000eab00000,0x00000000eb4acac8,0x00000000f5580000)
  to   space 174592K, 0% used [0x00000000f5580000,0x00000000f5580000,0x0000000100000000)
 ParOldGen       total 1048576K, used 681389K [0x00000000a0000000, 0x00000000e0000000, 0x00000000e0000000)
  object space 1048576K, 64% used [0x00000000a0000000,0x00000000c996b6f8,0x00000000e0000000)
 Metaspace       used 107157K, capacity 114100K, committed 124928K, reserved 1159168K
  class space    used 12697K, capacity 13396K, committed 15104K, reserved 1048576K
Event: 31401.134 GC heap after
Heap after GC invocations=2367 (full 531):
 PSYoungGen      total 349696K, used 19103K [0x00000000e0000000, 0x0000000100000000, 0x0000000100000000)
  eden space 175104K, 0% used [0x00000000e0000000,0x00000000e0000000,0x00000000eab00000)
  from space 174592K, 10% used [0x00000000f5580000,0x00000000f6827f58,0x0000000100000000)
  to   space 174592K, 0% used [0x00000000eab00000,0x00000000eab00000,0x00000000f5580000)
 ParOldGen       total 1048576K, used 681772K [0x00000000a0000000, 0x00000000e0000000, 0x00000000e0000000)
  object space 1048576K, 65% used [0x00000000a0000000,0x00000000c99cb210,0x00000000e0000000)
 Metaspace       used 107157K, capacity 114100K, committed 124928K, reserved 1159168K
  class space    used 12697K, capacity 13396K, committed 15104K, reserved 1048576K
}
Event: 31404.186 GC heap before
{Heap before GC invocations=2368 (full 531):
 PSYoungGen      total 349696K, used 194207K [0x00000000e0000000, 0x0000000100000000, 0x0000000100000000)
  eden space 175104K, 100% used [0x00000000e0000000,0x00000000eab00000,0x00000000eab00000)
  from space 174592K, 10% used [0x00000000f5580000,0x00000000f6827f58,0x0000000100000000)
  to   space 174592K, 0% used [0x00000000eab00000,0x00000000eab00000,0x00000000f5580000)
 ParOldGen       total 1048576K, used 681772K [0x00000000a0000000, 0x00000000e0000000, 0x00000000e0000000)
  object space 1048576K, 65% used [0x00000000a0000000,0x00000000c99cb210,0x00000000e0000000)
 Metaspace       used 108153K, capacity 115122K, committed 125056K, reserved 1159168K
  class space    used 12798K, capacity 13503K, committed 15232K, reserved 1048576K
Event: 31404.358 GC heap after
Heap after GC invocations=2368 (full 531):
 PSYoungGen      total 349696K, used 38932K [0x00000000e0000000, 0x0000000100000000, 0x0000000100000000)
  eden space 175104K, 0% used [0x00000000e0000000,0x00000000e0000000,0x00000000eab00000)
  from space 174592K, 22% used [0x00000000eab00000,0x00000000ed105140,0x00000000f5580000)
  to   space 174592K, 0% used [0x00000000f5580000,0x00000000f5580000,0x0000000100000000)
 ParOldGen       total 1048576K, used 700063K [0x00000000a0000000, 0x00000000e0000000, 0x00000000e0000000)
  object space 1048576K, 66% used [0x00000000a0000000,0x00000000caba7e40,0x00000000e0000000)
 Metaspace       used 108153K, capacity 115122K, committed 125056K, reserved 1159168K
  class space    used 12798K, capacity 13503K, committed 15232K, reserved 1048576K
}

